#
# There is insufficient memory for the Java Runtime Environment to continue.
# Native memory allocation (mmap) failed to map 65536 bytes for Failed to commit area from 0x00000137ae200000 to 0x00000137ae210000 of length 65536.
# Possible reasons:
#   The system is out of physical RAM or swap space
#   The process is running with CompressedOops enabled, and the Java Heap may be blocking the growth of the native heap
# Possible solutions:
#   Reduce memory load on the system
#   Increase physical memory or swap space
#   Check if swap backing store is full
#   Decrease Java heap size (-Xmx/-Xms)
#   Decrease number of Java threads
#   Decrease Java thread stack sizes (-Xss)
#   Set larger code cache with -XX:ReservedCodeCacheSize=
# This output file may be truncated or incomplete.
#
#  Out of Memory Error (./src/hotspot/os/windows/os_windows.cpp:3624), pid=17808, tid=10060
#
# JRE version:  (11.0.14.1+1) (build )
# Java VM: OpenJDK 64-Bit Server VM (11.0.14.1+1-b1751.46, mixed mode, sharing, tiered, compressed oops, g1 gc, windows-amd64)
# No core dump will be written. Minidumps are not enabled by default on client versions of Windows
#

---------------  S U M M A R Y ------------

Command Line: git4idea.http.GitAskPassApp Username for 'https://github.com': 

Host: Intel(R) Core(TM) i7-6600U CPU @ 2.60GHz, 4 cores, 15G,  Windows 10 , 64 bit Build 19041 (10.0.19041.1889)
Time: Wed Sep 28 02:22:44 2022 ora legale Europa occidentale elapsed time: 0.060115 seconds (0d 0h 0m 0s)

---------------  T H R E A D  ---------------

Current thread (0x0000013799b22800):  JavaThread "Unknown thread" [_thread_in_vm, id=10060, stack(0x000000287a400000,0x000000287a500000)]

Stack: [0x000000287a400000,0x000000287a500000]
Native frames: (J=compiled Java code, j=interpreted, Vv=VM code, C=native code)
V  [jvm.dll+0x61601a]
V  [jvm.dll+0x79c3b0]
V  [jvm.dll+0x79d9cd]
V  [jvm.dll+0x79e0a3]
V  [jvm.dll+0x24ca38]
V  [jvm.dll+0x613074]
V  [jvm.dll+0x607d75]
V  [jvm.dll+0x30b05b]
V  [jvm.dll+0x30afca]
V  [jvm.dll+0x30aea2]
V  [jvm.dll+0x30fef5]
V  [jvm.dll+0x35b485]
V  [jvm.dll+0x35bb76]
V  [jvm.dll+0x35b573]
V  [jvm.dll+0x2e57b8]
V  [jvm.dll+0x2e6967]
V  [jvm.dll+0x779377]
V  [jvm.dll+0x77ab6c]
V  [jvm.dll+0x368a19]
V  [jvm.dll+0x75ce8e]
V  [jvm.dll+0x3d6aa3]
V  [jvm.dll+0x3d8ff1]
C  [jli.dll+0x536b]
C  [ucrtbase.dll+0x21bb2]
C  [KERNEL32.DLL+0x17034]
C  [ntdll.dll+0x526a1]


---------------  P R O C E S S  ---------------

Threads class SMR info:
_java_thread_list=0x0000013797960260, length=0, elements={
}

Java Threads: ( => current thread )

Other Threads:
  0x0000013799b3c000 GCTaskThread "GC Thread#0" [stack: 0x000000287a500000,0x000000287a600000] [id=11684]
  0x0000013799b99800 ConcurrentGCThread "G1 Main Marker" [stack: 0x000000287a600000,0x000000287a700000] [id=19700]
  0x0000013799b9c000 ConcurrentGCThread "G1 Conc#0" [stack: 0x000000287a700000,0x000000287a800000] [id=15288]

[error occurred during error reporting (printing all threads), id 0xc0000005, EXCEPTION_ACCESS_VIOLATION (0xc0000005) at pc=0x00007ffce0765f37]

VM state:not at safepoint (not fully initialized)

VM Mutex/Monitor currently owned by a thread:  ([mutex/lock_event])
[0x0000013799b1cf30] Heap_lock - owner thread: 0x0000013799b22800

Heap address: 0x0000000702c00000, size: 4052 MB, Compressed Oops mode: Non-zero based: 0x0000000702c00000
Narrow klass base: 0x0000000000000000, Narrow klass shift: 0

GC Heap History (0 events):
No events

Deoptimization events (0 events):
No events

Classes redefined (0 events):
No events

Internal exceptions (0 events):
No events

Events (1 events):
Event: 0.023 Loaded shared library C:\Program Files\JetBrains\IntelliJ IDEA Community Edition 2021.3.2\jbr\bin\zip.dll


Dynamic libraries:
0x00007ff7c9bc0000 - 0x00007ff7c9bca000 	C:\Program Files\JetBrains\IntelliJ IDEA Community Edition 2021.3.2\jbr\bin\java.exe
0x00007ffd4ef10000 - 0x00007ffd4f108000 	C:\WINDOWS\SYSTEM32\ntdll.dll
0x00007ffd21ce0000 - 0x00007ffd21cf7000 	C:\Program Files\Avast Software\Avast\aswhook.dll
0x00007ffd4d2d0000 - 0x00007ffd4d38d000 	C:\WINDOWS\System32\KERNEL32.DLL
0x00007ffd4ca50000 - 0x00007ffd4cd1e000 	C:\WINDOWS\System32\KERNELBASE.dll
0x00007ffd4ce70000 - 0x00007ffd4cf70000 	C:\WINDOWS\System32\ucrtbase.dll
0x00007ffd40e30000 - 0x00007ffd40e46000 	C:\Program Files\JetBrains\IntelliJ IDEA Community Edition 2021.3.2\jbr\bin\VCRUNTIME140.dll
0x00007ffd34c30000 - 0x00007ffd34c49000 	C:\Program Files\JetBrains\IntelliJ IDEA Community Edition 2021.3.2\jbr\bin\jli.dll
0x00007ffd4d7d0000 - 0x00007ffd4d970000 	C:\WINDOWS\System32\USER32.dll
0x00007ffd4c820000 - 0x00007ffd4c842000 	C:\WINDOWS\System32\win32u.dll
0x00007ffd328e0000 - 0x00007ffd32b7a000 	C:\WINDOWS\WinSxS\amd64_microsoft.windows.common-controls_6595b64144ccf1df_6.0.19041.1110_none_60b5254171f9507e\COMCTL32.dll
0x00007ffd4d970000 - 0x00007ffd4d99a000 	C:\WINDOWS\System32\GDI32.dll
0x00007ffd4c940000 - 0x00007ffd4ca4b000 	C:\WINDOWS\System32\gdi32full.dll
0x00007ffd4cd20000 - 0x00007ffd4cdbd000 	C:\WINDOWS\System32\msvcp_win.dll
0x00007ffd4dee0000 - 0x00007ffd4df7e000 	C:\WINDOWS\System32\msvcrt.dll
0x00007ffd4e0e0000 - 0x00007ffd4e110000 	C:\WINDOWS\System32\IMM32.DLL
0x00007ffd18d60000 - 0x00007ffd18e0a000 	C:\Program Files\JetBrains\IntelliJ IDEA Community Edition 2021.3.2\jbr\bin\msvcp140.dll
0x00007ffce0470000 - 0x00007ffce0fea000 	C:\Program Files\JetBrains\IntelliJ IDEA Community Edition 2021.3.2\jbr\bin\server\jvm.dll
0x00007ffd4e110000 - 0x00007ffd4e1be000 	C:\WINDOWS\System32\ADVAPI32.dll
0x00007ffd4e1d0000 - 0x00007ffd4e26c000 	C:\WINDOWS\System32\sechost.dll
0x00007ffd4e4b0000 - 0x00007ffd4e5d5000 	C:\WINDOWS\System32\RPCRT4.dll
0x00007ffd4df80000 - 0x00007ffd4df88000 	C:\WINDOWS\System32\PSAPI.DLL
0x00007ffd40380000 - 0x00007ffd40389000 	C:\WINDOWS\SYSTEM32\WSOCK32.dll
0x00007ffd4de70000 - 0x00007ffd4dedb000 	C:\WINDOWS\System32\WS2_32.dll
0x00007ffd47c60000 - 0x00007ffd47c87000 	C:\WINDOWS\SYSTEM32\WINMM.dll
0x00007ffd4adf0000 - 0x00007ffd4adfa000 	C:\WINDOWS\SYSTEM32\VERSION.dll
0x00007ffd4aee0000 - 0x00007ffd4aef2000 	C:\WINDOWS\SYSTEM32\kernel.appcore.dll
0x00007ffd338a0000 - 0x00007ffd338b1000 	C:\Program Files\JetBrains\IntelliJ IDEA Community Edition 2021.3.2\jbr\bin\verify.dll
0x00007ffd44db0000 - 0x00007ffd44f94000 	C:\WINDOWS\SYSTEM32\DBGHELP.DLL
0x00007ffd44d60000 - 0x00007ffd44d8c000 	C:\WINDOWS\SYSTEM32\dbgcore.DLL
0x00007ffd4c630000 - 0x00007ffd4c6b2000 	C:\WINDOWS\System32\bcryptPrimitives.dll
0x00007ffd2f510000 - 0x00007ffd2f539000 	C:\Program Files\JetBrains\IntelliJ IDEA Community Edition 2021.3.2\jbr\bin\java.dll
0x00007ffd41120000 - 0x00007ffd4112b000 	C:\Program Files\JetBrains\IntelliJ IDEA Community Edition 2021.3.2\jbr\bin\jimage.dll
0x00007ffd32280000 - 0x00007ffd32299000 	C:\Program Files\JetBrains\IntelliJ IDEA Community Edition 2021.3.2\jbr\bin\zip.dll

dbghelp: loaded successfully - version: 4.0.5 - missing functions: none
symbol engine: initialized successfully - sym options: 0x614 - pdb path: .;C:\Program Files\JetBrains\IntelliJ IDEA Community Edition 2021.3.2\jbr\bin;C:\WINDOWS\SYSTEM32;C:\Program Files\Avast Software\Avast;C:\WINDOWS\WinSxS\amd64_microsoft.windows.common-controls_6595b64144ccf1df_6.0.19041.1110_none_60b5254171f9507e;C:\Program Files\JetBrains\IntelliJ IDEA Community Edition 2021.3.2\jbr\bin\server

VM Arguments:
java_command: git4idea.http.GitAskPassApp Username for 'https://github.com': 
java_class_path (initial): C:/Program Files/JetBrains/IntelliJ IDEA Community Edition 2021.3.2/plugins/git4idea/lib/git4idea-rt.jar;C:/Program Files/JetBrains/IntelliJ IDEA Community Edition 2021.3.2/lib/3rd-party.jar;C:/Program Files/JetBrains/IntelliJ IDEA Community Edition 2021.3.2/lib/3rd-party-rt.jar
Launcher Type: SUN_STANDARD

[Global flags]
     intx CICompilerCount                          = 3                                         {product} {ergonomic}
     uint ConcGCThreads                            = 1                                         {product} {ergonomic}
     uint G1ConcRefinementThreads                  = 4                                         {product} {ergonomic}
   size_t G1HeapRegionSize                         = 1048576                                   {product} {ergonomic}
    uintx GCDrainStackTargetSize                   = 64                                        {product} {ergonomic}
   size_t InitialHeapSize                          = 266338304                                 {product} {ergonomic}
   size_t MarkStackSize                            = 4194304                                   {product} {ergonomic}
   size_t MaxHeapSize                              = 4248829952                                {product} {ergonomic}
   size_t MinHeapDeltaBytes                        = 1048576                                   {product} {ergonomic}
    uintx NonNMethodCodeHeapSize                   = 5830732                                {pd product} {ergonomic}
    uintx NonProfiledCodeHeapSize                  = 122913754                              {pd product} {ergonomic}
    uintx ProfiledCodeHeapSize                     = 122913754                              {pd product} {ergonomic}
    uintx ReservedCodeCacheSize                    = 251658240                              {pd product} {ergonomic}
     bool SegmentedCodeCache                       = true                                      {product} {ergonomic}
     bool UseCompressedClassPointers               = true                                 {lp64_product} {ergonomic}
     bool UseCompressedOops                        = true                                 {lp64_product} {ergonomic}
     bool UseG1GC                                  = true                                      {product} {ergonomic}
     bool UseLargePagesIndividualAllocation        = false                                  {pd product} {ergonomic}

Logging:
Log output configuration:
 #0: stdout all=warning uptime,level,tags
 #1: stderr all=off uptime,level,tags

Environment Variables:
PATH=C:\Program Files\Git\mingw64\libexec\git-core;C:\Program Files\Git\mingw64\libexec\git-core;C:\Program Files\Git\mingw64\bin;C:\Program Files\Git\usr\bin;C:\Users\matti\bin;C:\Program Files\Eclipse Adoptium\jdk-17.0.2.8-hotspot\bin;C:\Program Files\Common Files\Oracle\Java\javapath;C:\WINDOWS\system32;C:\WINDOWS;C:\WINDOWS\System32\Wbem;C:\WINDOWS\System32\WindowsPowerShell\v1.0;C:\WINDOWS\System32\OpenSSH;C:\Program Files\dotnet;C:\Program Files\Microsoft SQL Server\130\Tools\Binn;C:\Program Files\Microsoft SQL Server\Client SDK\ODBC\170\Tools\Binn;C:\Paython34\Scripts;C:\Program Files\Git\cmd;C:\Program Files\MySQL\MySQL Shell 8.0\bin;C:\Users\matti\AppData\Local\Programs\Python\Python310\Scripts;C:\Users\matti\AppData\Local\Programs\Python\Python310;C:\Users\matti\AppData\Local\Microsoft\WindowsApps;C:\Users\matti\.dotnet\tools;C:\Users\matti\AppData\Local\Programs\Microsoft VS Code\bin;C:\Program Files\JetBrains\IntelliJ IDEA Community Edition 2021.3.2\bin
USERNAME=Cataclysma666
DISPLAY=:0.0
LC_ALL=en_US.UTF-8
OS=Windows_NT
PROCESSOR_IDENTIFIER=Intel64 Family 6 Model 78 Stepping 3, GenuineIntel



---------------  S Y S T E M  ---------------

OS: Windows 10 , 64 bit Build 19041 (10.0.19041.1889)
OS uptime: 10 days 22:44 hours

CPU:total 4 (initial active 4) (2 cores per cpu, 2 threads per core) family 6 model 78 stepping 3 microcode 0xcc, cmov, cx8, fxsr, mmx, sse, sse2, sse3, ssse3, sse4.1, sse4.2, popcnt, avx, avx2, aes, clmul, erms, rtm, 3dnowpref, lzcnt, ht, tsc, tscinvbit, bmi1, bmi2, adx, fma

Memory: 4k page, system-wide physical 16205M (4986M free)
TotalPageFile size 19292M (AvailPageFile size 4M)
current process WorkingSet (physical memory assigned to process): 10M, peak: 10M
current process commit charge ("private bytes"): 309M, peak: 309M

vm_info: OpenJDK 64-Bit Server VM (11.0.14.1+1-b1751.46) for windows-amd64 JRE (11.0.14.1+1-b1751.46), built on Feb 21 2022 15:19:20 by "" with MS VC++ 14.0 (VS2015)

END.
