2022-09-30 08:25:12,804 INFO org.springframework.boot.StartupInfoLogger [main] Starting SignUpControllerTest using Java 17.0.1 on Erlik with PID 14408 (started by Erlik Khan in C:\Users\Erlik Khan\IdeaProjects\MyCartellaClinicaElettronica)
2022-09-30 08:25:12,808 INFO org.springframework.boot.SpringApplication [main] No active profile set, falling back to 1 default profile: "default"
2022-09-30 08:25:14,145 INFO org.springframework.data.repository.config.RepositoryConfigurationDelegate [main] Bootstrapping Spring Data JPA repositories in DEFAULT mode.
2022-09-30 08:25:14,238 INFO org.springframework.data.repository.config.RepositoryConfigurationDelegate [main] Finished Spring Data repository scanning in 82 ms. Found 4 JPA repository interfaces.
2022-09-30 08:25:15,277 INFO org.springframework.boot.web.embedded.tomcat.TomcatWebServer [main] Tomcat initialized with port(s): 0 (http)
2022-09-30 08:25:15,289 INFO org.apache.juli.logging.DirectJDKLog [main] Initializing ProtocolHandler ["http-nio-auto-1"]
2022-09-30 08:25:15,290 INFO org.apache.juli.logging.DirectJDKLog [main] Starting service [Tomcat]
2022-09-30 08:25:15,290 INFO org.apache.juli.logging.DirectJDKLog [main] Starting Servlet engine: [Apache Tomcat/9.0.65]
2022-09-30 08:25:15,428 INFO org.apache.juli.logging.DirectJDKLog [main] Initializing Spring embedded WebApplicationContext
2022-09-30 08:25:15,429 INFO org.springframework.boot.web.servlet.context.ServletWebServerApplicationContext [main] Root WebApplicationContext: initialization completed in 2598 ms
2022-09-30 08:25:15,814 INFO org.hibernate.jpa.internal.util.LogHelper [main] HHH000204: Processing PersistenceUnitInfo [name: default]
2022-09-30 08:25:15,902 INFO org.hibernate.Version [main] HHH000412: Hibernate ORM core version 5.6.10.Final
2022-09-30 08:25:16,118 INFO org.hibernate.annotations.common.reflection.java.JavaReflectionManager [main] HCANN000001: Hibernate Commons Annotations {5.1.2.Final}
2022-09-30 08:25:16,260 INFO com.zaxxer.hikari.HikariDataSource [main] HikariPool-1 - Starting...
2022-09-30 08:25:16,684 INFO com.zaxxer.hikari.HikariDataSource [main] HikariPool-1 - Start completed.
2022-09-30 08:25:16,708 INFO org.hibernate.dialect.Dialect [main] HHH000400: Using dialect: org.hibernate.dialect.MySQL5Dialect
2022-09-30 08:25:18,244 INFO org.hibernate.engine.transaction.jta.platform.internal.JtaPlatformInitiator [main] HHH000490: Using JtaPlatform implementation: [org.hibernate.engine.transaction.jta.platform.internal.NoJtaPlatform]
2022-09-30 08:25:18,254 INFO org.springframework.orm.jpa.AbstractEntityManagerFactoryBean [main] Initialized JPA EntityManagerFactory for persistence unit 'default'
2022-09-30 08:25:18,877 WARN org.springframework.boot.autoconfigure.orm.jpa.JpaBaseConfiguration$JpaWebConfiguration [main] spring.jpa.open-in-view is enabled by default. Therefore, database queries may be performed during view rendering. Explicitly configure spring.jpa.open-in-view to disable this warning
2022-09-30 08:25:19,571 INFO it.angelo.MyCartellaClinicaElettronica.configuration.SpringFoxConfig [main] Public method 'api' method called at class it.angelo.MyCartellaClinicaElettronica.configuration.SpringFoxConfig at line#34
2022-09-30 08:25:19,578 INFO it.angelo.MyCartellaClinicaElettronica.configuration.SpringFoxConfig [main] Private method 'securityContext' method called at class it.angelo.MyCartellaClinicaElettronica.configuration.SpringFoxConfig at line#34
2022-09-30 08:25:19,581 INFO it.angelo.MyCartellaClinicaElettronica.configuration.SpringFoxConfig [main] The method 'defaultAuth' method called at class it.angelo.MyCartellaClinicaElettronica.configuration.SpringFoxConfig at line#34
2022-09-30 08:25:19,583 INFO it.angelo.MyCartellaClinicaElettronica.configuration.SpringFoxConfig [main] Private method 'apiKey' method called at class it.angelo.MyCartellaClinicaElettronica.configuration.SpringFoxConfig at line#34
2022-09-30 08:25:20,006 WARN org.springframework.boot.autoconfigure.security.servlet.UserDetailsServiceAutoConfiguration [main] 

Using generated security password: 62bce7e5-9bfd-47ff-ade4-9166df230603

This generated password is for development use only. Your security configuration must be updated before running your application in production.

2022-09-30 08:25:20,181 INFO org.springframework.security.web.DefaultSecurityFilterChain [main] Will secure any request with [org.springframework.security.web.session.DisableEncodeUrlFilter@59ac94ad, org.springframework.security.web.context.request.async.WebAsyncManagerIntegrationFilter@361a618e, org.springframework.security.web.context.SecurityContextPersistenceFilter@252459b2, org.springframework.security.web.header.HeaderWriterFilter@36c8e1c6, org.springframework.security.web.authentication.logout.LogoutFilter@3726fc3b, it.angelo.MyCartellaClinicaElettronica.JwtTokenFilter@6418075c, org.springframework.security.web.savedrequest.RequestCacheAwareFilter@593d5f39, org.springframework.security.web.servletapi.SecurityContextHolderAwareRequestFilter@2be49c8c, org.springframework.security.web.authentication.AnonymousAuthenticationFilter@1179731c, org.springframework.security.web.session.SessionManagementFilter@110b6c78, org.springframework.security.web.access.ExceptionTranslationFilter@4a2c69a6, org.springframework.security.web.access.intercept.FilterSecurityInterceptor@37672aa7]
2022-09-30 08:25:20,850 INFO org.apache.juli.logging.DirectJDKLog [main] Initializing Spring TestDispatcherServlet ''
2022-09-30 08:25:20,851 INFO org.springframework.web.servlet.FrameworkServlet [main] Initializing Servlet ''
2022-09-30 08:25:20,853 INFO org.springframework.web.servlet.FrameworkServlet [main] Completed initialization in 2 ms
2022-09-30 08:25:20,941 INFO org.apache.juli.logging.DirectJDKLog [main] Starting ProtocolHandler ["http-nio-auto-1"]
2022-09-30 08:25:20,973 INFO org.springframework.boot.web.embedded.tomcat.TomcatWebServer [main] Tomcat started on port(s): 51725 (http) with context path ''
2022-09-30 08:25:21,703 INFO org.springframework.boot.StartupInfoLogger [main] Started SignUpControllerTest in 9.651 seconds (JVM running for 11.42)
2022-09-30 08:25:22,336 DEBUG it.angelo.MyCartellaClinicaElettronica.auth.services.SignupService [main] '/signup' method called at class it.angelo.MyCartellaClinicaElettronica.auth.services.SignupService at line# 40 by drumprog93@gmail.com
2022-09-30 08:25:22,336 DEBUG it.angelo.MyCartellaClinicaElettronica.auth.services.SignupService [main] '/signup' method called at class it.angelo.MyCartellaClinicaElettronica.auth.services.SignupService at line# 40 by drumprog93@gmail.com
2022-09-30 08:25:22,485 INFO org.springframework.orm.jpa.AbstractEntityManagerFactoryBean [SpringApplicationShutdownHook] Closing JPA EntityManagerFactory for persistence unit 'default'
2022-09-30 08:25:22,488 INFO com.zaxxer.hikari.HikariDataSource [SpringApplicationShutdownHook] HikariPool-1 - Shutdown initiated...
2022-09-30 08:25:22,505 INFO com.zaxxer.hikari.HikariDataSource [SpringApplicationShutdownHook] HikariPool-1 - Shutdown completed.
2022-09-30 08:25:54,434 INFO org.springframework.boot.StartupInfoLogger [restartedMain] Starting MyCartellaClinicaElettronicaApplication using Java 17.0.1 on Erlik with PID 16372 (C:\Users\Erlik Khan\IdeaProjects\MyCartellaClinicaElettronica\target\classes started by Erlik Khan in C:\Users\Erlik Khan\IdeaProjects\MyCartellaClinicaElettronica)
2022-09-30 08:25:54,436 INFO org.springframework.boot.SpringApplication [restartedMain] No active profile set, falling back to 1 default profile: "default"
2022-09-30 08:25:54,519 INFO org.springframework.boot.logging.DeferredLog [restartedMain] Devtools property defaults active! Set 'spring.devtools.add-properties' to 'false' to disable
2022-09-30 08:25:54,519 INFO org.springframework.boot.logging.DeferredLog [restartedMain] For additional web related logging consider setting the 'logging.level.web' property to 'DEBUG'
2022-09-30 08:25:55,581 INFO org.springframework.data.repository.config.RepositoryConfigurationDelegate [restartedMain] Bootstrapping Spring Data JPA repositories in DEFAULT mode.
2022-09-30 08:25:55,662 INFO org.springframework.data.repository.config.RepositoryConfigurationDelegate [restartedMain] Finished Spring Data repository scanning in 70 ms. Found 4 JPA repository interfaces.
2022-09-30 08:25:56,509 INFO org.springframework.boot.web.embedded.tomcat.TomcatWebServer [restartedMain] Tomcat initialized with port(s): 8080 (http)
2022-09-30 08:25:56,520 INFO org.apache.juli.logging.DirectJDKLog [restartedMain] Initializing ProtocolHandler ["http-nio-8080"]
2022-09-30 08:25:56,521 INFO org.apache.juli.logging.DirectJDKLog [restartedMain] Starting service [Tomcat]
2022-09-30 08:25:56,521 INFO org.apache.juli.logging.DirectJDKLog [restartedMain] Starting Servlet engine: [Apache Tomcat/9.0.65]
2022-09-30 08:25:56,628 INFO org.apache.juli.logging.DirectJDKLog [restartedMain] Initializing Spring embedded WebApplicationContext
2022-09-30 08:25:56,629 INFO org.springframework.boot.web.servlet.context.ServletWebServerApplicationContext [restartedMain] Root WebApplicationContext: initialization completed in 2109 ms
2022-09-30 08:25:56,891 INFO org.hibernate.jpa.internal.util.LogHelper [restartedMain] HHH000204: Processing PersistenceUnitInfo [name: default]
2022-09-30 08:25:56,950 INFO org.hibernate.Version [restartedMain] HHH000412: Hibernate ORM core version 5.6.10.Final
2022-09-30 08:25:57,131 INFO org.hibernate.annotations.common.reflection.java.JavaReflectionManager [restartedMain] HCANN000001: Hibernate Commons Annotations {5.1.2.Final}
2022-09-30 08:25:57,244 INFO com.zaxxer.hikari.HikariDataSource [restartedMain] HikariPool-1 - Starting...
2022-09-30 08:25:57,546 INFO com.zaxxer.hikari.HikariDataSource [restartedMain] HikariPool-1 - Start completed.
2022-09-30 08:25:57,561 INFO org.hibernate.dialect.Dialect [restartedMain] HHH000400: Using dialect: org.hibernate.dialect.MySQL5Dialect
2022-09-30 08:25:58,668 INFO org.hibernate.engine.transaction.jta.platform.internal.JtaPlatformInitiator [restartedMain] HHH000490: Using JtaPlatform implementation: [org.hibernate.engine.transaction.jta.platform.internal.NoJtaPlatform]
2022-09-30 08:25:58,676 INFO org.springframework.orm.jpa.AbstractEntityManagerFactoryBean [restartedMain] Initialized JPA EntityManagerFactory for persistence unit 'default'
2022-09-30 08:25:59,135 WARN org.springframework.boot.autoconfigure.orm.jpa.JpaBaseConfiguration$JpaWebConfiguration [restartedMain] spring.jpa.open-in-view is enabled by default. Therefore, database queries may be performed during view rendering. Explicitly configure spring.jpa.open-in-view to disable this warning
2022-09-30 08:25:59,604 INFO it.angelo.MyCartellaClinicaElettronica.configuration.SpringFoxConfig [restartedMain] Public method 'api' method called at class it.angelo.MyCartellaClinicaElettronica.configuration.SpringFoxConfig at line#34
2022-09-30 08:25:59,609 INFO it.angelo.MyCartellaClinicaElettronica.configuration.SpringFoxConfig [restartedMain] Private method 'securityContext' method called at class it.angelo.MyCartellaClinicaElettronica.configuration.SpringFoxConfig at line#34
2022-09-30 08:25:59,611 INFO it.angelo.MyCartellaClinicaElettronica.configuration.SpringFoxConfig [restartedMain] The method 'defaultAuth' method called at class it.angelo.MyCartellaClinicaElettronica.configuration.SpringFoxConfig at line#34
2022-09-30 08:25:59,613 INFO it.angelo.MyCartellaClinicaElettronica.configuration.SpringFoxConfig [restartedMain] Private method 'apiKey' method called at class it.angelo.MyCartellaClinicaElettronica.configuration.SpringFoxConfig at line#34
2022-09-30 08:25:59,839 WARN org.springframework.boot.autoconfigure.security.servlet.UserDetailsServiceAutoConfiguration [restartedMain] 

Using generated security password: c669ce37-dbee-4ab0-beb0-e0ab7582de4d

This generated password is for development use only. Your security configuration must be updated before running your application in production.

2022-09-30 08:25:59,942 INFO org.springframework.security.web.DefaultSecurityFilterChain [restartedMain] Will secure any request with [org.springframework.security.web.session.DisableEncodeUrlFilter@7350570, org.springframework.security.web.context.request.async.WebAsyncManagerIntegrationFilter@30031945, org.springframework.security.web.context.SecurityContextPersistenceFilter@5fd20824, org.springframework.security.web.header.HeaderWriterFilter@67bc5226, org.springframework.security.web.authentication.logout.LogoutFilter@60a4793f, it.angelo.MyCartellaClinicaElettronica.JwtTokenFilter@60293919, org.springframework.security.web.savedrequest.RequestCacheAwareFilter@7f6add58, org.springframework.security.web.servletapi.SecurityContextHolderAwareRequestFilter@43e8bdfe, org.springframework.security.web.authentication.AnonymousAuthenticationFilter@1c4c8c05, org.springframework.security.web.session.SessionManagementFilter@5d4c1d28, org.springframework.security.web.access.ExceptionTranslationFilter@64100c0b, org.springframework.security.web.access.intercept.FilterSecurityInterceptor@934c5cf]
2022-09-30 08:26:00,076 INFO org.springframework.boot.devtools.autoconfigure.OptionalLiveReloadServer [restartedMain] LiveReload server is running on port 35729
2022-09-30 08:26:00,277 INFO org.apache.juli.logging.DirectJDKLog [restartedMain] Starting ProtocolHandler ["http-nio-8080"]
2022-09-30 08:26:00,302 INFO org.springframework.boot.web.embedded.tomcat.TomcatWebServer [restartedMain] Tomcat started on port(s): 8080 (http) with context path ''
2022-09-30 08:26:00,758 INFO org.springframework.boot.StartupInfoLogger [restartedMain] Started MyCartellaClinicaElettronicaApplication in 6.824 seconds (JVM running for 7.357)
2022-09-30 08:32:02,474 INFO org.apache.juli.logging.DirectJDKLog [http-nio-8080-exec-2] Initializing Spring DispatcherServlet 'dispatcherServlet'
2022-09-30 08:32:02,474 INFO org.springframework.web.servlet.FrameworkServlet [http-nio-8080-exec-2] Initializing Servlet 'dispatcherServlet'
2022-09-30 08:32:02,476 INFO org.springframework.web.servlet.FrameworkServlet [http-nio-8080-exec-2] Completed initialization in 1 ms
2022-09-30 08:32:02,584 DEBUG it.angelo.MyCartellaClinicaElettronica.auth.services.SignupService [http-nio-8080-exec-2] '/signupDoctor' method called at class it.angelo.MyCartellaClinicaElettronica.auth.services.SignupService at line# 40 by dottoroctopus@doctrooctopus.de
2022-09-30 08:51:15,296 DEBUG it.angelo.MyCartellaClinicaElettronica.auth.services.SignupService [http-nio-8080-exec-5] '/signupDoctor' method called at class it.angelo.MyCartellaClinicaElettronica.auth.services.SignupService at line# 40 by dottoroctopus@doctrooctopus.de
2022-09-30 08:53:34,795 INFO org.springframework.orm.jpa.AbstractEntityManagerFactoryBean [SpringApplicationShutdownHook] Closing JPA EntityManagerFactory for persistence unit 'default'
2022-09-30 08:53:34,799 INFO com.zaxxer.hikari.HikariDataSource [SpringApplicationShutdownHook] HikariPool-1 - Shutdown initiated...
2022-09-30 08:53:34,819 INFO com.zaxxer.hikari.HikariDataSource [SpringApplicationShutdownHook] HikariPool-1 - Shutdown completed.
2022-09-30 08:53:39,306 INFO org.springframework.boot.StartupInfoLogger [restartedMain] Starting MyCartellaClinicaElettronicaApplication using Java 17.0.1 on Erlik with PID 12092 (C:\Users\Erlik Khan\IdeaProjects\MyCartellaClinicaElettronica\target\classes started by Erlik Khan in C:\Users\Erlik Khan\IdeaProjects\MyCartellaClinicaElettronica)
2022-09-30 08:53:39,308 INFO org.springframework.boot.SpringApplication [restartedMain] No active profile set, falling back to 1 default profile: "default"
2022-09-30 08:53:39,408 INFO org.springframework.boot.logging.DeferredLog [restartedMain] Devtools property defaults active! Set 'spring.devtools.add-properties' to 'false' to disable
2022-09-30 08:53:39,408 INFO org.springframework.boot.logging.DeferredLog [restartedMain] For additional web related logging consider setting the 'logging.level.web' property to 'DEBUG'
2022-09-30 08:53:40,492 INFO org.springframework.data.repository.config.RepositoryConfigurationDelegate [restartedMain] Bootstrapping Spring Data JPA repositories in DEFAULT mode.
2022-09-30 08:53:40,573 INFO org.springframework.data.repository.config.RepositoryConfigurationDelegate [restartedMain] Finished Spring Data repository scanning in 71 ms. Found 4 JPA repository interfaces.
2022-09-30 08:53:41,816 INFO org.springframework.boot.web.embedded.tomcat.TomcatWebServer [restartedMain] Tomcat initialized with port(s): 8080 (http)
2022-09-30 08:53:41,843 INFO org.apache.juli.logging.DirectJDKLog [restartedMain] Initializing ProtocolHandler ["http-nio-8080"]
2022-09-30 08:53:41,845 INFO org.apache.juli.logging.DirectJDKLog [restartedMain] Starting service [Tomcat]
2022-09-30 08:53:41,845 INFO org.apache.juli.logging.DirectJDKLog [restartedMain] Starting Servlet engine: [Apache Tomcat/9.0.65]
2022-09-30 08:53:42,075 INFO org.apache.juli.logging.DirectJDKLog [restartedMain] Initializing Spring embedded WebApplicationContext
2022-09-30 08:53:42,076 INFO org.springframework.boot.web.servlet.context.ServletWebServerApplicationContext [restartedMain] Root WebApplicationContext: initialization completed in 2667 ms
2022-09-30 08:53:42,378 INFO org.hibernate.jpa.internal.util.LogHelper [restartedMain] HHH000204: Processing PersistenceUnitInfo [name: default]
2022-09-30 08:53:42,457 INFO org.hibernate.Version [restartedMain] HHH000412: Hibernate ORM core version 5.6.10.Final
2022-09-30 08:53:42,793 INFO org.hibernate.annotations.common.reflection.java.JavaReflectionManager [restartedMain] HCANN000001: Hibernate Commons Annotations {5.1.2.Final}
2022-09-30 08:53:42,985 INFO com.zaxxer.hikari.HikariDataSource [restartedMain] HikariPool-1 - Starting...
2022-09-30 08:53:43,400 INFO com.zaxxer.hikari.HikariDataSource [restartedMain] HikariPool-1 - Start completed.
2022-09-30 08:53:43,419 INFO org.hibernate.dialect.Dialect [restartedMain] HHH000400: Using dialect: org.hibernate.dialect.MySQL5Dialect
2022-09-30 08:53:44,853 INFO org.hibernate.engine.transaction.jta.platform.internal.JtaPlatformInitiator [restartedMain] HHH000490: Using JtaPlatform implementation: [org.hibernate.engine.transaction.jta.platform.internal.NoJtaPlatform]
2022-09-30 08:53:44,863 INFO org.springframework.orm.jpa.AbstractEntityManagerFactoryBean [restartedMain] Initialized JPA EntityManagerFactory for persistence unit 'default'
2022-09-30 08:53:45,422 WARN org.springframework.boot.autoconfigure.orm.jpa.JpaBaseConfiguration$JpaWebConfiguration [restartedMain] spring.jpa.open-in-view is enabled by default. Therefore, database queries may be performed during view rendering. Explicitly configure spring.jpa.open-in-view to disable this warning
2022-09-30 08:53:46,056 INFO it.angelo.MyCartellaClinicaElettronica.configuration.SpringFoxConfig [restartedMain] Public method 'api' method called at class it.angelo.MyCartellaClinicaElettronica.configuration.SpringFoxConfig at line#34
2022-09-30 08:53:46,067 INFO it.angelo.MyCartellaClinicaElettronica.configuration.SpringFoxConfig [restartedMain] Private method 'securityContext' method called at class it.angelo.MyCartellaClinicaElettronica.configuration.SpringFoxConfig at line#34
2022-09-30 08:53:46,070 INFO it.angelo.MyCartellaClinicaElettronica.configuration.SpringFoxConfig [restartedMain] The method 'defaultAuth' method called at class it.angelo.MyCartellaClinicaElettronica.configuration.SpringFoxConfig at line#34
2022-09-30 08:53:46,072 INFO it.angelo.MyCartellaClinicaElettronica.configuration.SpringFoxConfig [restartedMain] Private method 'apiKey' method called at class it.angelo.MyCartellaClinicaElettronica.configuration.SpringFoxConfig at line#34
2022-09-30 08:53:46,515 WARN org.springframework.boot.autoconfigure.security.servlet.UserDetailsServiceAutoConfiguration [restartedMain] 

Using generated security password: 01fe70c2-de80-4252-a56f-4515f3a8cfcf

This generated password is for development use only. Your security configuration must be updated before running your application in production.

2022-09-30 08:53:46,633 INFO org.springframework.security.web.DefaultSecurityFilterChain [restartedMain] Will secure any request with [org.springframework.security.web.session.DisableEncodeUrlFilter@35601be5, org.springframework.security.web.context.request.async.WebAsyncManagerIntegrationFilter@4d3485e8, org.springframework.security.web.context.SecurityContextPersistenceFilter@1c7c8fc2, org.springframework.security.web.header.HeaderWriterFilter@45ee6eb4, org.springframework.security.web.authentication.logout.LogoutFilter@52f7c345, it.angelo.MyCartellaClinicaElettronica.JwtTokenFilter@2bbf51e3, org.springframework.security.web.savedrequest.RequestCacheAwareFilter@43e8bdfe, org.springframework.security.web.servletapi.SecurityContextHolderAwareRequestFilter@e1fbff2, org.springframework.security.web.authentication.AnonymousAuthenticationFilter@7c592da1, org.springframework.security.web.session.SessionManagementFilter@7f6add58, org.springframework.security.web.access.ExceptionTranslationFilter@9cf8d7b, org.springframework.security.web.access.intercept.FilterSecurityInterceptor@7350570]
2022-09-30 08:53:46,813 INFO org.springframework.boot.devtools.autoconfigure.OptionalLiveReloadServer [restartedMain] LiveReload server is running on port 35729
2022-09-30 08:53:47,171 INFO org.apache.juli.logging.DirectJDKLog [restartedMain] Starting ProtocolHandler ["http-nio-8080"]
2022-09-30 08:53:47,191 INFO org.springframework.boot.web.embedded.tomcat.TomcatWebServer [restartedMain] Tomcat started on port(s): 8080 (http) with context path ''
2022-09-30 08:53:47,632 INFO org.springframework.boot.StartupInfoLogger [restartedMain] Started MyCartellaClinicaElettronicaApplication in 8.829 seconds (JVM running for 9.333)
2022-09-30 08:54:02,169 INFO org.apache.juli.logging.DirectJDKLog [http-nio-8080-exec-1] Initializing Spring DispatcherServlet 'dispatcherServlet'
2022-09-30 08:54:02,170 INFO org.springframework.web.servlet.FrameworkServlet [http-nio-8080-exec-1] Initializing Servlet 'dispatcherServlet'
2022-09-30 08:54:02,173 INFO org.springframework.web.servlet.FrameworkServlet [http-nio-8080-exec-1] Completed initialization in 3 ms
2022-09-30 08:54:02,275 DEBUG it.angelo.MyCartellaClinicaElettronica.auth.services.SignupService [http-nio-8080-exec-1] '/signupDoctor' method called at class it.angelo.MyCartellaClinicaElettronica.auth.services.SignupService at line# 40 by dottoroctopus@doctrooctopus.de
2022-09-30 08:54:38,089 INFO org.springframework.orm.jpa.AbstractEntityManagerFactoryBean [SpringApplicationShutdownHook] Closing JPA EntityManagerFactory for persistence unit 'default'
2022-09-30 08:54:38,092 INFO com.zaxxer.hikari.HikariDataSource [SpringApplicationShutdownHook] HikariPool-1 - Shutdown initiated...
2022-09-30 08:54:38,102 INFO com.zaxxer.hikari.HikariDataSource [SpringApplicationShutdownHook] HikariPool-1 - Shutdown completed.
2022-09-30 08:54:43,156 INFO org.springframework.boot.StartupInfoLogger [restartedMain] Starting MyCartellaClinicaElettronicaApplication using Java 17.0.1 on Erlik with PID 568 (C:\Users\Erlik Khan\IdeaProjects\MyCartellaClinicaElettronica\target\classes started by Erlik Khan in C:\Users\Erlik Khan\IdeaProjects\MyCartellaClinicaElettronica)
2022-09-30 08:54:43,158 INFO org.springframework.boot.SpringApplication [restartedMain] No active profile set, falling back to 1 default profile: "default"
2022-09-30 08:54:43,238 INFO org.springframework.boot.logging.DeferredLog [restartedMain] Devtools property defaults active! Set 'spring.devtools.add-properties' to 'false' to disable
2022-09-30 08:54:43,239 INFO org.springframework.boot.logging.DeferredLog [restartedMain] For additional web related logging consider setting the 'logging.level.web' property to 'DEBUG'
2022-09-30 08:54:44,362 INFO org.springframework.data.repository.config.RepositoryConfigurationDelegate [restartedMain] Bootstrapping Spring Data JPA repositories in DEFAULT mode.
2022-09-30 08:54:44,445 INFO org.springframework.data.repository.config.RepositoryConfigurationDelegate [restartedMain] Finished Spring Data repository scanning in 74 ms. Found 4 JPA repository interfaces.
2022-09-30 08:54:45,330 INFO org.springframework.boot.web.embedded.tomcat.TomcatWebServer [restartedMain] Tomcat initialized with port(s): 8080 (http)
2022-09-30 08:54:45,342 INFO org.apache.juli.logging.DirectJDKLog [restartedMain] Initializing ProtocolHandler ["http-nio-8080"]
2022-09-30 08:54:45,343 INFO org.apache.juli.logging.DirectJDKLog [restartedMain] Starting service [Tomcat]
2022-09-30 08:54:45,344 INFO org.apache.juli.logging.DirectJDKLog [restartedMain] Starting Servlet engine: [Apache Tomcat/9.0.65]
2022-09-30 08:54:45,454 INFO org.apache.juli.logging.DirectJDKLog [restartedMain] Initializing Spring embedded WebApplicationContext
2022-09-30 08:54:45,455 INFO org.springframework.boot.web.servlet.context.ServletWebServerApplicationContext [restartedMain] Root WebApplicationContext: initialization completed in 2215 ms
2022-09-30 08:54:45,694 INFO org.hibernate.jpa.internal.util.LogHelper [restartedMain] HHH000204: Processing PersistenceUnitInfo [name: default]
2022-09-30 08:54:45,758 INFO org.hibernate.Version [restartedMain] HHH000412: Hibernate ORM core version 5.6.10.Final
2022-09-30 08:54:45,945 INFO org.hibernate.annotations.common.reflection.java.JavaReflectionManager [restartedMain] HCANN000001: Hibernate Commons Annotations {5.1.2.Final}
2022-09-30 08:54:46,055 INFO com.zaxxer.hikari.HikariDataSource [restartedMain] HikariPool-1 - Starting...
2022-09-30 08:54:46,361 INFO com.zaxxer.hikari.HikariDataSource [restartedMain] HikariPool-1 - Start completed.
2022-09-30 08:54:46,377 INFO org.hibernate.dialect.Dialect [restartedMain] HHH000400: Using dialect: org.hibernate.dialect.MySQL5Dialect
2022-09-30 08:54:47,564 INFO org.hibernate.engine.transaction.jta.platform.internal.JtaPlatformInitiator [restartedMain] HHH000490: Using JtaPlatform implementation: [org.hibernate.engine.transaction.jta.platform.internal.NoJtaPlatform]
2022-09-30 08:54:47,572 INFO org.springframework.orm.jpa.AbstractEntityManagerFactoryBean [restartedMain] Initialized JPA EntityManagerFactory for persistence unit 'default'
2022-09-30 08:54:48,054 WARN org.springframework.boot.autoconfigure.orm.jpa.JpaBaseConfiguration$JpaWebConfiguration [restartedMain] spring.jpa.open-in-view is enabled by default. Therefore, database queries may be performed during view rendering. Explicitly configure spring.jpa.open-in-view to disable this warning
2022-09-30 08:54:48,525 INFO it.angelo.MyCartellaClinicaElettronica.configuration.SpringFoxConfig [restartedMain] Public method 'api' method called at class it.angelo.MyCartellaClinicaElettronica.configuration.SpringFoxConfig at line#34
2022-09-30 08:54:48,531 INFO it.angelo.MyCartellaClinicaElettronica.configuration.SpringFoxConfig [restartedMain] Private method 'securityContext' method called at class it.angelo.MyCartellaClinicaElettronica.configuration.SpringFoxConfig at line#34
2022-09-30 08:54:48,533 INFO it.angelo.MyCartellaClinicaElettronica.configuration.SpringFoxConfig [restartedMain] The method 'defaultAuth' method called at class it.angelo.MyCartellaClinicaElettronica.configuration.SpringFoxConfig at line#34
2022-09-30 08:54:48,535 INFO it.angelo.MyCartellaClinicaElettronica.configuration.SpringFoxConfig [restartedMain] Private method 'apiKey' method called at class it.angelo.MyCartellaClinicaElettronica.configuration.SpringFoxConfig at line#34
2022-09-30 08:54:48,777 WARN org.springframework.boot.autoconfigure.security.servlet.UserDetailsServiceAutoConfiguration [restartedMain] 

Using generated security password: 1680717a-2f47-4958-b37a-e1777822653c

This generated password is for development use only. Your security configuration must be updated before running your application in production.

2022-09-30 08:54:48,869 INFO org.springframework.security.web.DefaultSecurityFilterChain [restartedMain] Will secure any request with [org.springframework.security.web.session.DisableEncodeUrlFilter@5545511, org.springframework.security.web.context.request.async.WebAsyncManagerIntegrationFilter@309594a3, org.springframework.security.web.context.SecurityContextPersistenceFilter@77469d98, org.springframework.security.web.header.HeaderWriterFilter@6b1d96ca, org.springframework.security.web.authentication.logout.LogoutFilter@41152f77, it.angelo.MyCartellaClinicaElettronica.JwtTokenFilter@7f150560, org.springframework.security.web.savedrequest.RequestCacheAwareFilter@4757757, org.springframework.security.web.servletapi.SecurityContextHolderAwareRequestFilter@3c78c19a, org.springframework.security.web.authentication.AnonymousAuthenticationFilter@ac1cb94, org.springframework.security.web.session.SessionManagementFilter@189d15d1, org.springframework.security.web.access.ExceptionTranslationFilter@2772ae70, org.springframework.security.web.access.intercept.FilterSecurityInterceptor@1b80786e]
2022-09-30 08:54:49,063 INFO org.springframework.boot.devtools.autoconfigure.OptionalLiveReloadServer [restartedMain] LiveReload server is running on port 35729
2022-09-30 08:54:49,283 INFO org.apache.juli.logging.DirectJDKLog [restartedMain] Starting ProtocolHandler ["http-nio-8080"]
2022-09-30 08:54:49,305 INFO org.springframework.boot.web.embedded.tomcat.TomcatWebServer [restartedMain] Tomcat started on port(s): 8080 (http) with context path ''
2022-09-30 08:54:49,777 INFO org.springframework.boot.StartupInfoLogger [restartedMain] Started MyCartellaClinicaElettronicaApplication in 7.251 seconds (JVM running for 7.86)
2022-09-30 08:55:15,519 INFO org.apache.juli.logging.DirectJDKLog [http-nio-8080-exec-1] Initializing Spring DispatcherServlet 'dispatcherServlet'
2022-09-30 08:55:15,519 INFO org.springframework.web.servlet.FrameworkServlet [http-nio-8080-exec-1] Initializing Servlet 'dispatcherServlet'
2022-09-30 08:55:15,521 INFO org.springframework.web.servlet.FrameworkServlet [http-nio-8080-exec-1] Completed initialization in 1 ms
2022-09-30 08:55:15,659 DEBUG it.angelo.MyCartellaClinicaElettronica.auth.services.SignupService [http-nio-8080-exec-1] '/signupDoctor' method called at class it.angelo.MyCartellaClinicaElettronica.auth.services.SignupService at line# 40 by dottoroctopus@doctrooctopus.de
2022-09-30 09:00:50,719 INFO org.springframework.orm.jpa.AbstractEntityManagerFactoryBean [SpringApplicationShutdownHook] Closing JPA EntityManagerFactory for persistence unit 'default'
2022-09-30 09:00:50,724 INFO com.zaxxer.hikari.HikariDataSource [SpringApplicationShutdownHook] HikariPool-1 - Shutdown initiated...
2022-09-30 09:00:50,748 INFO com.zaxxer.hikari.HikariDataSource [SpringApplicationShutdownHook] HikariPool-1 - Shutdown completed.
2022-09-30 09:00:56,497 INFO org.springframework.boot.StartupInfoLogger [restartedMain] Starting MyCartellaClinicaElettronicaApplication using Java 17.0.1 on Erlik with PID 19824 (C:\Users\Erlik Khan\IdeaProjects\MyCartellaClinicaElettronica\target\classes started by Erlik Khan in C:\Users\Erlik Khan\IdeaProjects\MyCartellaClinicaElettronica)
2022-09-30 09:00:56,499 INFO org.springframework.boot.SpringApplication [restartedMain] No active profile set, falling back to 1 default profile: "default"
2022-09-30 09:00:56,584 INFO org.springframework.boot.logging.DeferredLog [restartedMain] Devtools property defaults active! Set 'spring.devtools.add-properties' to 'false' to disable
2022-09-30 09:00:56,585 INFO org.springframework.boot.logging.DeferredLog [restartedMain] For additional web related logging consider setting the 'logging.level.web' property to 'DEBUG'
2022-09-30 09:00:57,694 INFO org.springframework.data.repository.config.RepositoryConfigurationDelegate [restartedMain] Bootstrapping Spring Data JPA repositories in DEFAULT mode.
2022-09-30 09:00:57,772 INFO org.springframework.data.repository.config.RepositoryConfigurationDelegate [restartedMain] Finished Spring Data repository scanning in 69 ms. Found 4 JPA repository interfaces.
2022-09-30 09:00:58,624 INFO org.springframework.boot.web.embedded.tomcat.TomcatWebServer [restartedMain] Tomcat initialized with port(s): 8080 (http)
2022-09-30 09:00:58,637 INFO org.apache.juli.logging.DirectJDKLog [restartedMain] Initializing ProtocolHandler ["http-nio-8080"]
2022-09-30 09:00:58,638 INFO org.apache.juli.logging.DirectJDKLog [restartedMain] Starting service [Tomcat]
2022-09-30 09:00:58,638 INFO org.apache.juli.logging.DirectJDKLog [restartedMain] Starting Servlet engine: [Apache Tomcat/9.0.65]
2022-09-30 09:00:58,743 INFO org.apache.juli.logging.DirectJDKLog [restartedMain] Initializing Spring embedded WebApplicationContext
2022-09-30 09:00:58,744 INFO org.springframework.boot.web.servlet.context.ServletWebServerApplicationContext [restartedMain] Root WebApplicationContext: initialization completed in 2158 ms
2022-09-30 09:00:59,004 INFO org.hibernate.jpa.internal.util.LogHelper [restartedMain] HHH000204: Processing PersistenceUnitInfo [name: default]
2022-09-30 09:00:59,061 INFO org.hibernate.Version [restartedMain] HHH000412: Hibernate ORM core version 5.6.10.Final
2022-09-30 09:00:59,243 INFO org.hibernate.annotations.common.reflection.java.JavaReflectionManager [restartedMain] HCANN000001: Hibernate Commons Annotations {5.1.2.Final}
2022-09-30 09:00:59,346 INFO com.zaxxer.hikari.HikariDataSource [restartedMain] HikariPool-1 - Starting...
2022-09-30 09:00:59,649 INFO com.zaxxer.hikari.HikariDataSource [restartedMain] HikariPool-1 - Start completed.
2022-09-30 09:00:59,665 INFO org.hibernate.dialect.Dialect [restartedMain] HHH000400: Using dialect: org.hibernate.dialect.MySQL5Dialect
2022-09-30 09:01:00,862 INFO org.hibernate.engine.transaction.jta.platform.internal.JtaPlatformInitiator [restartedMain] HHH000490: Using JtaPlatform implementation: [org.hibernate.engine.transaction.jta.platform.internal.NoJtaPlatform]
2022-09-30 09:01:00,871 INFO org.springframework.orm.jpa.AbstractEntityManagerFactoryBean [restartedMain] Initialized JPA EntityManagerFactory for persistence unit 'default'
2022-09-30 09:01:01,346 WARN org.springframework.boot.autoconfigure.orm.jpa.JpaBaseConfiguration$JpaWebConfiguration [restartedMain] spring.jpa.open-in-view is enabled by default. Therefore, database queries may be performed during view rendering. Explicitly configure spring.jpa.open-in-view to disable this warning
2022-09-30 09:01:01,816 INFO it.angelo.MyCartellaClinicaElettronica.configuration.SpringFoxConfig [restartedMain] Public method 'api' method called at class it.angelo.MyCartellaClinicaElettronica.configuration.SpringFoxConfig at line#34
2022-09-30 09:01:01,822 INFO it.angelo.MyCartellaClinicaElettronica.configuration.SpringFoxConfig [restartedMain] Private method 'securityContext' method called at class it.angelo.MyCartellaClinicaElettronica.configuration.SpringFoxConfig at line#34
2022-09-30 09:01:01,823 INFO it.angelo.MyCartellaClinicaElettronica.configuration.SpringFoxConfig [restartedMain] The method 'defaultAuth' method called at class it.angelo.MyCartellaClinicaElettronica.configuration.SpringFoxConfig at line#34
2022-09-30 09:01:01,825 INFO it.angelo.MyCartellaClinicaElettronica.configuration.SpringFoxConfig [restartedMain] Private method 'apiKey' method called at class it.angelo.MyCartellaClinicaElettronica.configuration.SpringFoxConfig at line#34
2022-09-30 09:01:02,060 WARN org.springframework.boot.autoconfigure.security.servlet.UserDetailsServiceAutoConfiguration [restartedMain] 

Using generated security password: ce1965c6-6df1-4f22-9fe0-148f93979e34

This generated password is for development use only. Your security configuration must be updated before running your application in production.

2022-09-30 09:01:02,159 INFO org.springframework.security.web.DefaultSecurityFilterChain [restartedMain] Will secure any request with [org.springframework.security.web.session.DisableEncodeUrlFilter@32330e29, org.springframework.security.web.context.request.async.WebAsyncManagerIntegrationFilter@7b209eb, org.springframework.security.web.context.SecurityContextPersistenceFilter@7aa7a4df, org.springframework.security.web.header.HeaderWriterFilter@3843857, org.springframework.security.web.authentication.logout.LogoutFilter@712557df, it.angelo.MyCartellaClinicaElettronica.JwtTokenFilter@4bff55df, org.springframework.security.web.savedrequest.RequestCacheAwareFilter@e1fbff2, org.springframework.security.web.servletapi.SecurityContextHolderAwareRequestFilter@5738163b, org.springframework.security.web.authentication.AnonymousAuthenticationFilter@339ec3bc, org.springframework.security.web.session.SessionManagementFilter@43e8bdfe, org.springframework.security.web.access.ExceptionTranslationFilter@e5232ba, org.springframework.security.web.access.intercept.FilterSecurityInterceptor@35601be5]
2022-09-30 09:01:02,291 INFO org.springframework.boot.devtools.autoconfigure.OptionalLiveReloadServer [restartedMain] LiveReload server is running on port 35729
2022-09-30 09:01:02,492 INFO org.apache.juli.logging.DirectJDKLog [restartedMain] Starting ProtocolHandler ["http-nio-8080"]
2022-09-30 09:01:02,515 INFO org.springframework.boot.web.embedded.tomcat.TomcatWebServer [restartedMain] Tomcat started on port(s): 8080 (http) with context path ''
2022-09-30 09:01:02,976 INFO org.springframework.boot.StartupInfoLogger [restartedMain] Started MyCartellaClinicaElettronicaApplication in 6.991 seconds (JVM running for 7.505)
2022-09-30 09:01:22,905 INFO org.apache.juli.logging.DirectJDKLog [http-nio-8080-exec-3] Initializing Spring DispatcherServlet 'dispatcherServlet'
2022-09-30 09:01:22,905 INFO org.springframework.web.servlet.FrameworkServlet [http-nio-8080-exec-3] Initializing Servlet 'dispatcherServlet'
2022-09-30 09:01:22,906 INFO org.springframework.web.servlet.FrameworkServlet [http-nio-8080-exec-3] Completed initialization in 1 ms
2022-09-30 09:01:23,009 DEBUG it.angelo.MyCartellaClinicaElettronica.auth.services.SignupService [http-nio-8080-exec-3] '/signupDoctor' method called at class it.angelo.MyCartellaClinicaElettronica.auth.services.SignupService at line# 40 by dottoroctopus@doctrooctopus.de
2022-09-30 09:02:50,379 INFO org.springframework.orm.jpa.AbstractEntityManagerFactoryBean [SpringApplicationShutdownHook] Closing JPA EntityManagerFactory for persistence unit 'default'
2022-09-30 09:02:50,382 INFO com.zaxxer.hikari.HikariDataSource [SpringApplicationShutdownHook] HikariPool-1 - Shutdown initiated...
2022-09-30 09:02:50,392 INFO com.zaxxer.hikari.HikariDataSource [SpringApplicationShutdownHook] HikariPool-1 - Shutdown completed.
2022-09-30 09:02:55,253 INFO org.springframework.boot.StartupInfoLogger [restartedMain] Starting MyCartellaClinicaElettronicaApplication using Java 17.0.1 on Erlik with PID 7880 (C:\Users\Erlik Khan\IdeaProjects\MyCartellaClinicaElettronica\target\classes started by Erlik Khan in C:\Users\Erlik Khan\IdeaProjects\MyCartellaClinicaElettronica)
2022-09-30 09:02:55,261 INFO org.springframework.boot.SpringApplication [restartedMain] No active profile set, falling back to 1 default profile: "default"
2022-09-30 09:02:55,338 INFO org.springframework.boot.logging.DeferredLog [restartedMain] Devtools property defaults active! Set 'spring.devtools.add-properties' to 'false' to disable
2022-09-30 09:02:55,339 INFO org.springframework.boot.logging.DeferredLog [restartedMain] For additional web related logging consider setting the 'logging.level.web' property to 'DEBUG'
2022-09-30 09:02:56,421 INFO org.springframework.data.repository.config.RepositoryConfigurationDelegate [restartedMain] Bootstrapping Spring Data JPA repositories in DEFAULT mode.
2022-09-30 09:02:56,510 INFO org.springframework.data.repository.config.RepositoryConfigurationDelegate [restartedMain] Finished Spring Data repository scanning in 76 ms. Found 4 JPA repository interfaces.
2022-09-30 09:02:57,394 INFO org.springframework.boot.web.embedded.tomcat.TomcatWebServer [restartedMain] Tomcat initialized with port(s): 8080 (http)
2022-09-30 09:02:57,407 INFO org.apache.juli.logging.DirectJDKLog [restartedMain] Initializing ProtocolHandler ["http-nio-8080"]
2022-09-30 09:02:57,407 INFO org.apache.juli.logging.DirectJDKLog [restartedMain] Starting service [Tomcat]
2022-09-30 09:02:57,408 INFO org.apache.juli.logging.DirectJDKLog [restartedMain] Starting Servlet engine: [Apache Tomcat/9.0.65]
2022-09-30 09:02:57,519 INFO org.apache.juli.logging.DirectJDKLog [restartedMain] Initializing Spring embedded WebApplicationContext
2022-09-30 09:02:57,519 INFO org.springframework.boot.web.servlet.context.ServletWebServerApplicationContext [restartedMain] Root WebApplicationContext: initialization completed in 2180 ms
2022-09-30 09:02:57,764 INFO org.hibernate.jpa.internal.util.LogHelper [restartedMain] HHH000204: Processing PersistenceUnitInfo [name: default]
2022-09-30 09:02:57,816 INFO org.hibernate.Version [restartedMain] HHH000412: Hibernate ORM core version 5.6.10.Final
2022-09-30 09:02:58,004 INFO org.hibernate.annotations.common.reflection.java.JavaReflectionManager [restartedMain] HCANN000001: Hibernate Commons Annotations {5.1.2.Final}
2022-09-30 09:02:58,127 INFO com.zaxxer.hikari.HikariDataSource [restartedMain] HikariPool-1 - Starting...
2022-09-30 09:02:58,434 INFO com.zaxxer.hikari.HikariDataSource [restartedMain] HikariPool-1 - Start completed.
2022-09-30 09:02:58,450 INFO org.hibernate.dialect.Dialect [restartedMain] HHH000400: Using dialect: org.hibernate.dialect.MySQL5Dialect
2022-09-30 09:02:59,588 INFO org.hibernate.engine.transaction.jta.platform.internal.JtaPlatformInitiator [restartedMain] HHH000490: Using JtaPlatform implementation: [org.hibernate.engine.transaction.jta.platform.internal.NoJtaPlatform]
2022-09-30 09:02:59,595 INFO org.springframework.orm.jpa.AbstractEntityManagerFactoryBean [restartedMain] Initialized JPA EntityManagerFactory for persistence unit 'default'
2022-09-30 09:03:00,063 WARN org.springframework.boot.autoconfigure.orm.jpa.JpaBaseConfiguration$JpaWebConfiguration [restartedMain] spring.jpa.open-in-view is enabled by default. Therefore, database queries may be performed during view rendering. Explicitly configure spring.jpa.open-in-view to disable this warning
2022-09-30 09:03:00,581 INFO it.angelo.MyCartellaClinicaElettronica.configuration.SpringFoxConfig [restartedMain] Public method 'api' method called at class it.angelo.MyCartellaClinicaElettronica.configuration.SpringFoxConfig at line#34
2022-09-30 09:03:00,587 INFO it.angelo.MyCartellaClinicaElettronica.configuration.SpringFoxConfig [restartedMain] Private method 'securityContext' method called at class it.angelo.MyCartellaClinicaElettronica.configuration.SpringFoxConfig at line#34
2022-09-30 09:03:00,589 INFO it.angelo.MyCartellaClinicaElettronica.configuration.SpringFoxConfig [restartedMain] The method 'defaultAuth' method called at class it.angelo.MyCartellaClinicaElettronica.configuration.SpringFoxConfig at line#34
2022-09-30 09:03:00,590 INFO it.angelo.MyCartellaClinicaElettronica.configuration.SpringFoxConfig [restartedMain] Private method 'apiKey' method called at class it.angelo.MyCartellaClinicaElettronica.configuration.SpringFoxConfig at line#34
2022-09-30 09:03:00,810 WARN org.springframework.boot.autoconfigure.security.servlet.UserDetailsServiceAutoConfiguration [restartedMain] 

Using generated security password: 8205101c-c886-467d-9cd9-33d5aa23a9ff

This generated password is for development use only. Your security configuration must be updated before running your application in production.

2022-09-30 09:03:00,923 INFO org.springframework.security.web.DefaultSecurityFilterChain [restartedMain] Will secure any request with [org.springframework.security.web.session.DisableEncodeUrlFilter@4d3485e8, org.springframework.security.web.context.request.async.WebAsyncManagerIntegrationFilter@7c592da1, org.springframework.security.web.context.SecurityContextPersistenceFilter@35551108, org.springframework.security.web.header.HeaderWriterFilter@49ce41db, org.springframework.security.web.authentication.logout.LogoutFilter@1f6521d2, it.angelo.MyCartellaClinicaElettronica.JwtTokenFilter@1a5fbeda, org.springframework.security.web.savedrequest.RequestCacheAwareFilter@1f9daac4, org.springframework.security.web.servletapi.SecurityContextHolderAwareRequestFilter@50050e3f, org.springframework.security.web.authentication.AnonymousAuthenticationFilter@6e4b4a73, org.springframework.security.web.session.SessionManagementFilter@6602192d, org.springframework.security.web.access.ExceptionTranslationFilter@ce7d306, org.springframework.security.web.access.intercept.FilterSecurityInterceptor@30031945]
2022-09-30 09:03:01,092 INFO org.springframework.boot.devtools.autoconfigure.OptionalLiveReloadServer [restartedMain] LiveReload server is running on port 35729
2022-09-30 09:03:01,294 INFO org.apache.juli.logging.DirectJDKLog [restartedMain] Starting ProtocolHandler ["http-nio-8080"]
2022-09-30 09:03:01,320 INFO org.springframework.boot.web.embedded.tomcat.TomcatWebServer [restartedMain] Tomcat started on port(s): 8080 (http) with context path ''
2022-09-30 09:03:01,770 INFO org.springframework.boot.StartupInfoLogger [restartedMain] Started MyCartellaClinicaElettronicaApplication in 7.031 seconds (JVM running for 7.564)
2022-09-30 09:46:20,961 INFO org.apache.juli.logging.DirectJDKLog [http-nio-8080-exec-1] Initializing Spring DispatcherServlet 'dispatcherServlet'
2022-09-30 09:46:20,961 INFO org.springframework.web.servlet.FrameworkServlet [http-nio-8080-exec-1] Initializing Servlet 'dispatcherServlet'
2022-09-30 09:46:20,963 INFO org.springframework.web.servlet.FrameworkServlet [http-nio-8080-exec-1] Completed initialization in 1 ms
2022-09-30 09:46:21,067 DEBUG it.angelo.MyCartellaClinicaElettronica.auth.services.SignupService [http-nio-8080-exec-1] '/signup' method called at class it.angelo.MyCartellaClinicaElettronica.auth.services.SignupService at line# 40 by magneto@magneto.com
2022-09-30 09:46:21,067 DEBUG it.angelo.MyCartellaClinicaElettronica.auth.services.SignupService [http-nio-8080-exec-1] '/signup' method called at class it.angelo.MyCartellaClinicaElettronica.auth.services.SignupService at line# 40 by magneto@magneto.com
2022-09-30 09:47:20,941 DEBUG it.angelo.MyCartellaClinicaElettronica.auth.services.SignupService [http-nio-8080-exec-3] '/activate' method called at class it.angelo.MyCartellaClinicaElettronica.auth.services.SignupService at line# 40 .
2022-09-30 09:47:47,750 DEBUG it.angelo.MyCartellaClinicaElettronica.auth.services.LoginService [http-nio-8080-exec-4] '/login' method called at class it.angelo.MyCartellaClinicaElettronica.auth.services.LoginService at line# 36 by magneto@magneto.com
2022-09-30 09:47:47,756 DEBUG it.angelo.MyCartellaClinicaElettronica.auth.services.LoginService [http-nio-8080-exec-4] '/canUserLogin' method called at class it.angelo.MyCartellaClinicaElettronica.auth.services.LoginService at line# 36 by magneto@magneto.com
2022-09-30 09:47:47,846 DEBUG it.angelo.MyCartellaClinicaElettronica.auth.services.LoginService [http-nio-8080-exec-4] '/generateJWT' method called at class it.angelo.MyCartellaClinicaElettronica.auth.services.LoginService at line# 36 by magneto@magneto.com
2022-09-30 09:47:52,571 DEBUG it.angelo.MyCartellaClinicaElettronica.auth.services.LoginService [http-nio-8080-exec-5] '/generateJWT' method called at class it.angelo.MyCartellaClinicaElettronica.auth.services.LoginService at line# 36 by magneto@magneto.com
2022-09-30 09:48:18,465 DEBUG it.angelo.MyCartellaClinicaElettronica.auth.services.PasswordService [http-nio-8080-exec-6] '/request' method called at class it.angelo.MyCartellaClinicaElettronica.auth.services.PasswordService at line# 33 by magneto@magneto.com
2022-09-30 09:48:47,405 DEBUG it.angelo.MyCartellaClinicaElettronica.auth.services.PasswordService [http-nio-8080-exec-7] '/request' method called at class it.angelo.MyCartellaClinicaElettronica.auth.services.PasswordService at line# 33 by cebc9b1f-58dc-4847-a0d2-c97a8650d66b
2022-09-30 09:48:47,411 ERROR it.angelo.MyCartellaClinicaElettronica.auth.controllers.PasswordRestoreController [http-nio-8080-exec-7] if statement in '/passwordRequest' method called at class it.angelo.MyCartellaClinicaElettronica.auth.controllers.PasswordRestoreController at line# 22 by cebc9b1f-58dc-4847-a0d2-c97a8650d66b - Error : Cannot find user
2022-09-30 09:49:24,222 DEBUG it.angelo.MyCartellaClinicaElettronica.auth.services.PasswordService [http-nio-8080-exec-8] '/restore' method called at class it.angelo.MyCartellaClinicaElettronica.auth.services.PasswordService at line# 33 .
2022-09-30 09:49:30,805 DEBUG it.angelo.MyCartellaClinicaElettronica.auth.services.LoginService [http-nio-8080-exec-9] '/login' method called at class it.angelo.MyCartellaClinicaElettronica.auth.services.LoginService at line# 36 by magneto@magneto.com
2022-09-30 09:49:30,813 DEBUG it.angelo.MyCartellaClinicaElettronica.auth.services.LoginService [http-nio-8080-exec-9] '/canUserLogin' method called at class it.angelo.MyCartellaClinicaElettronica.auth.services.LoginService at line# 36 by magneto@magneto.com
2022-09-30 09:49:30,889 ERROR org.apache.juli.logging.DirectJDKLog [http-nio-8080-exec-9] Servlet.service() for servlet [dispatcherServlet] in context with path [] threw exception [Request processing failed; nested exception is java.lang.Exception: Cannot login] with root cause
java.lang.Exception: Cannot login
	at it.angelo.MyCartellaClinicaElettronica.auth.controllers.LoginController.login(LoginController.java:46)
	at java.base/jdk.internal.reflect.NativeMethodAccessorImpl.invoke0(Native Method)
	at java.base/jdk.internal.reflect.NativeMethodAccessorImpl.invoke(NativeMethodAccessorImpl.java:77)
	at java.base/jdk.internal.reflect.DelegatingMethodAccessorImpl.invoke(DelegatingMethodAccessorImpl.java:43)
	at java.base/java.lang.reflect.Method.invoke(Method.java:568)
	at org.springframework.web.method.support.InvocableHandlerMethod.doInvoke(InvocableHandlerMethod.java:205)
	at org.springframework.web.method.support.InvocableHandlerMethod.invokeForRequest(InvocableHandlerMethod.java:150)
	at org.springframework.web.servlet.mvc.method.annotation.ServletInvocableHandlerMethod.invokeAndHandle(ServletInvocableHandlerMethod.java:117)
	at org.springframework.web.servlet.mvc.method.annotation.RequestMappingHandlerAdapter.invokeHandlerMethod(RequestMappingHandlerAdapter.java:895)
	at org.springframework.web.servlet.mvc.method.annotation.RequestMappingHandlerAdapter.handleInternal(RequestMappingHandlerAdapter.java:808)
	at org.springframework.web.servlet.mvc.method.AbstractHandlerMethodAdapter.handle(AbstractHandlerMethodAdapter.java:87)
	at org.springframework.web.servlet.DispatcherServlet.doDispatch(DispatcherServlet.java:1070)
	at org.springframework.web.servlet.DispatcherServlet.doService(DispatcherServlet.java:963)
	at org.springframework.web.servlet.FrameworkServlet.processRequest(FrameworkServlet.java:1006)
	at org.springframework.web.servlet.FrameworkServlet.doPost(FrameworkServlet.java:909)
	at javax.servlet.http.HttpServlet.service(HttpServlet.java:681)
	at org.springframework.web.servlet.FrameworkServlet.service(FrameworkServlet.java:883)
	at javax.servlet.http.HttpServlet.service(HttpServlet.java:764)
	at org.apache.catalina.core.ApplicationFilterChain.internalDoFilter(ApplicationFilterChain.java:227)
	at org.apache.catalina.core.ApplicationFilterChain.doFilter(ApplicationFilterChain.java:162)
	at org.apache.tomcat.websocket.server.WsFilter.doFilter(WsFilter.java:53)
	at org.apache.catalina.core.ApplicationFilterChain.internalDoFilter(ApplicationFilterChain.java:189)
	at org.apache.catalina.core.ApplicationFilterChain.doFilter(ApplicationFilterChain.java:162)
	at org.springframework.web.filter.OncePerRequestFilter.doFilter(OncePerRequestFilter.java:111)
	at org.apache.catalina.core.ApplicationFilterChain.internalDoFilter(ApplicationFilterChain.java:189)
	at org.apache.catalina.core.ApplicationFilterChain.doFilter(ApplicationFilterChain.java:162)
	at org.springframework.security.web.FilterChainProxy$VirtualFilterChain.doFilter(FilterChainProxy.java:337)
	at org.springframework.security.web.access.intercept.FilterSecurityInterceptor.invoke(FilterSecurityInterceptor.java:115)
	at org.springframework.security.web.access.intercept.FilterSecurityInterceptor.doFilter(FilterSecurityInterceptor.java:81)
	at org.springframework.security.web.FilterChainProxy$VirtualFilterChain.doFilter(FilterChainProxy.java:346)
	at org.springframework.security.web.access.ExceptionTranslationFilter.doFilter(ExceptionTranslationFilter.java:122)
	at org.springframework.security.web.access.ExceptionTranslationFilter.doFilter(ExceptionTranslationFilter.java:116)
	at org.springframework.security.web.FilterChainProxy$VirtualFilterChain.doFilter(FilterChainProxy.java:346)
	at org.springframework.security.web.session.SessionManagementFilter.doFilter(SessionManagementFilter.java:126)
	at org.springframework.security.web.session.SessionManagementFilter.doFilter(SessionManagementFilter.java:81)
	at org.springframework.security.web.FilterChainProxy$VirtualFilterChain.doFilter(FilterChainProxy.java:346)
	at org.springframework.security.web.authentication.AnonymousAuthenticationFilter.doFilter(AnonymousAuthenticationFilter.java:109)
	at org.springframework.security.web.FilterChainProxy$VirtualFilterChain.doFilter(FilterChainProxy.java:346)
	at org.springframework.security.web.servletapi.SecurityContextHolderAwareRequestFilter.doFilter(SecurityContextHolderAwareRequestFilter.java:149)
	at org.springframework.security.web.FilterChainProxy$VirtualFilterChain.doFilter(FilterChainProxy.java:346)
	at org.springframework.security.web.savedrequest.RequestCacheAwareFilter.doFilter(RequestCacheAwareFilter.java:63)
	at org.springframework.security.web.FilterChainProxy$VirtualFilterChain.doFilter(FilterChainProxy.java:346)
	at it.angelo.MyCartellaClinicaElettronica.JwtTokenFilter.doFilterInternal(JwtTokenFilter.java:54)
	at org.springframework.web.filter.OncePerRequestFilter.doFilter(OncePerRequestFilter.java:117)
	at org.springframework.security.web.FilterChainProxy$VirtualFilterChain.doFilter(FilterChainProxy.java:346)
	at org.springframework.security.web.authentication.logout.LogoutFilter.doFilter(LogoutFilter.java:103)
	at org.springframework.security.web.authentication.logout.LogoutFilter.doFilter(LogoutFilter.java:89)
	at org.springframework.security.web.FilterChainProxy$VirtualFilterChain.doFilter(FilterChainProxy.java:346)
	at org.springframework.security.web.header.HeaderWriterFilter.doHeadersAfter(HeaderWriterFilter.java:90)
	at org.springframework.security.web.header.HeaderWriterFilter.doFilterInternal(HeaderWriterFilter.java:75)
	at org.springframework.web.filter.OncePerRequestFilter.doFilter(OncePerRequestFilter.java:117)
	at org.springframework.security.web.FilterChainProxy$VirtualFilterChain.doFilter(FilterChainProxy.java:346)
	at org.springframework.security.web.context.SecurityContextPersistenceFilter.doFilter(SecurityContextPersistenceFilter.java:112)
	at org.springframework.security.web.context.SecurityContextPersistenceFilter.doFilter(SecurityContextPersistenceFilter.java:82)
	at org.springframework.security.web.FilterChainProxy$VirtualFilterChain.doFilter(FilterChainProxy.java:346)
	at org.springframework.security.web.context.request.async.WebAsyncManagerIntegrationFilter.doFilterInternal(WebAsyncManagerIntegrationFilter.java:55)
	at org.springframework.web.filter.OncePerRequestFilter.doFilter(OncePerRequestFilter.java:117)
	at org.springframework.security.web.FilterChainProxy$VirtualFilterChain.doFilter(FilterChainProxy.java:346)
	at org.springframework.security.web.session.DisableEncodeUrlFilter.doFilterInternal(DisableEncodeUrlFilter.java:42)
	at org.springframework.web.filter.OncePerRequestFilter.doFilter(OncePerRequestFilter.java:117)
	at org.springframework.security.web.FilterChainProxy$VirtualFilterChain.doFilter(FilterChainProxy.java:346)
	at org.springframework.security.web.FilterChainProxy.doFilterInternal(FilterChainProxy.java:221)
	at org.springframework.security.web.FilterChainProxy.doFilter(FilterChainProxy.java:186)
	at org.springframework.web.filter.DelegatingFilterProxy.invokeDelegate(DelegatingFilterProxy.java:354)
	at org.springframework.web.filter.DelegatingFilterProxy.doFilter(DelegatingFilterProxy.java:267)
	at org.apache.catalina.core.ApplicationFilterChain.internalDoFilter(ApplicationFilterChain.java:189)
	at org.apache.catalina.core.ApplicationFilterChain.doFilter(ApplicationFilterChain.java:162)
	at org.springframework.web.filter.RequestContextFilter.doFilterInternal(RequestContextFilter.java:100)
	at org.springframework.web.filter.OncePerRequestFilter.doFilter(OncePerRequestFilter.java:117)
	at org.apache.catalina.core.ApplicationFilterChain.internalDoFilter(ApplicationFilterChain.java:189)
	at org.apache.catalina.core.ApplicationFilterChain.doFilter(ApplicationFilterChain.java:162)
	at org.springframework.web.filter.FormContentFilter.doFilterInternal(FormContentFilter.java:93)
	at org.springframework.web.filter.OncePerRequestFilter.doFilter(OncePerRequestFilter.java:117)
	at org.apache.catalina.core.ApplicationFilterChain.internalDoFilter(ApplicationFilterChain.java:189)
	at org.apache.catalina.core.ApplicationFilterChain.doFilter(ApplicationFilterChain.java:162)
	at org.springframework.web.filter.CharacterEncodingFilter.doFilterInternal(CharacterEncodingFilter.java:201)
	at org.springframework.web.filter.OncePerRequestFilter.doFilter(OncePerRequestFilter.java:117)
	at org.apache.catalina.core.ApplicationFilterChain.internalDoFilter(ApplicationFilterChain.java:189)
	at org.apache.catalina.core.ApplicationFilterChain.doFilter(ApplicationFilterChain.java:162)
	at org.apache.catalina.core.StandardWrapperValve.invoke(StandardWrapperValve.java:197)
	at org.apache.catalina.core.StandardContextValve.invoke(StandardContextValve.java:97)
	at org.apache.catalina.authenticator.AuthenticatorBase.invoke(AuthenticatorBase.java:541)
	at org.apache.catalina.core.StandardHostValve.invoke(StandardHostValve.java:135)
	at org.apache.catalina.valves.ErrorReportValve.invoke(ErrorReportValve.java:92)
	at org.apache.catalina.core.StandardEngineValve.invoke(StandardEngineValve.java:78)
	at org.apache.catalina.connector.CoyoteAdapter.service(CoyoteAdapter.java:360)
	at org.apache.coyote.http11.Http11Processor.service(Http11Processor.java:399)
	at org.apache.coyote.AbstractProcessorLight.process(AbstractProcessorLight.java:65)
	at org.apache.coyote.AbstractProtocol$ConnectionHandler.process(AbstractProtocol.java:890)
	at org.apache.tomcat.util.net.NioEndpoint$SocketProcessor.doRun(NioEndpoint.java:1789)
	at org.apache.tomcat.util.net.SocketProcessorBase.run(SocketProcessorBase.java:49)
	at org.apache.tomcat.util.threads.ThreadPoolExecutor.runWorker(ThreadPoolExecutor.java:1191)
	at org.apache.tomcat.util.threads.ThreadPoolExecutor$Worker.run(ThreadPoolExecutor.java:659)
	at org.apache.tomcat.util.threads.TaskThread$WrappingRunnable.run(TaskThread.java:61)
	at java.base/java.lang.Thread.run(Thread.java:833)
2022-09-30 09:49:36,335 DEBUG it.angelo.MyCartellaClinicaElettronica.auth.services.LoginService [http-nio-8080-exec-2] '/login' method called at class it.angelo.MyCartellaClinicaElettronica.auth.services.LoginService at line# 36 by magneto@magneto.com
2022-09-30 09:49:36,340 DEBUG it.angelo.MyCartellaClinicaElettronica.auth.services.LoginService [http-nio-8080-exec-2] '/canUserLogin' method called at class it.angelo.MyCartellaClinicaElettronica.auth.services.LoginService at line# 36 by magneto@magneto.com
2022-09-30 09:49:36,419 DEBUG it.angelo.MyCartellaClinicaElettronica.auth.services.LoginService [http-nio-8080-exec-2] '/generateJWT' method called at class it.angelo.MyCartellaClinicaElettronica.auth.services.LoginService at line# 36 by magneto@magneto.com
2022-09-30 11:52:01,034 INFO org.springframework.orm.jpa.AbstractEntityManagerFactoryBean [SpringApplicationShutdownHook] Closing JPA EntityManagerFactory for persistence unit 'default'
2022-09-30 11:52:01,063 INFO com.zaxxer.hikari.HikariDataSource [SpringApplicationShutdownHook] HikariPool-1 - Shutdown initiated...
2022-09-30 11:52:01,093 INFO com.zaxxer.hikari.HikariDataSource [SpringApplicationShutdownHook] HikariPool-1 - Shutdown completed.
